    1  exit
    2  sudo aptitude install x-window-system-core xmonad emacs slim konsole dzen2 dmenu conky
    3  su
    4  sudo aptitude install x-window-system-core xmonad emacs slim konsole dzen2 dmenu conky
    5  sudo reboot
    6  exit
    7  ls al
    8  la
    9  ls -al
   10  mkdir .xmonad
   11  cd .xmonad/
   12  emacs xmonad.hs
   13  sudo aptitude install firefox
   14  sudo aptitude search firefox
   15  sudo emacs /etc/apt/sources.list
   16  cp /etc/apt/sources.list /etc/apt/sources.list.org
   17  sudo cp /etc/apt/sources.list /etc/apt/sources.list.org
   18  sudo emacs /etc/apt/sources.list /etc/apt/sources.list.org
   19  sudo aptitude search sublime
   20  sudo emacs /etc/apt/sources.list
   21  lscpi | grep Network
   22  lspci | grep Network
   23  sudo aptitude search firmware atheoros
   24  sudo apt-cache search firmware atheros
   25  sudo emacs /etc/apt/sources.list
   26  sudo aptitude udpate;sudo aptitude upgrade -y
   27  sudo aptitude update;sudo aptitude upgrade -y
   28  sudo aptitude search firmware atheoros
   29  sudo aptitude install firmware-atheoros
   30  sudo aptitude install firmware-atheros
   31  sudo aptitude search ibus
   32  sudo aptitude search ibus | less
   33  sudo aptitude install ibus ibus-morzc mozc-server mozc-utils-gui
   34  sudo aptitude search ibus | less
   35  sudo emacs /etc/apt/sources.list
   36  sudo aptitude update;sudo aptitude upgrade -y
   37  sudo aptitude search network manager
   38  sudo aptitude search ibus morzc
   39  sudo aptitude search ibus morzc | less
   40  sudo aptitude install ibus ibus-morzc mozc-server mozc-utils-gui
   41  sudo aptitude search ibus morzc | less
   42  sudo aptitude install ibus ibus-mozc mozc-server mozc-utils-gui
   43  ibus-setup
   44  sudo aptitude search network manager
   45  sudo aptitude search network manager | less
   46  sudo aptitude search ddskk
   47  sudo aptitude search yatex
   48  sudo aptitude search texlive japanese
   49  sudo aptitude search texlive most
   50  sudo aptitude search texlive 
   51  sudo aptitude search pxdvi
   52  sudo aptitude search xdvi
   53  sudo aptitude search evince
   54  sudo aptitude search poppler
   55  sudo aptitude search kupfer
   56  git --version
   57  sudo aptitude install git
   58  curl
   59  sudo aptitude install curl -kL https://raw.github.com/cstrap/monaco-font/master/install-font-ubuntu.sh
   60  sudo aptitude install curl
   61  sudo aptitude install fontforge
   62  sudo aptitude search inconsolata
   63  sudo aptitude search migu
   64  sudo aptitude fonts migmix
   65  sudo aptitude search fonts migmix
   66  sudo aptitude search migmix
   67  sudo aptitude search f
   68  sudo aptitude install fonts-migmix fonts-inconsolata
   69  history | grep curl
   70  sudo aptitude install curl -kL https://raw.github.com/cstrap/monaco-font/master/install-font-ubuntu.sh
   71  curl -kL https://raw.github.com/cstrap/monaco-font/master/install-font-ubuntu.sh | bash
   72  wget
   73  git clone 
   74  cd ..
   75  mkdir ricty
   76  cd ricty/
   77  history
   78  git clone https://github.com/yascentur/Ricty.git
   79  ls
   80  cd Ricty/
   81  ls -al
   82  sudo ./ricty_generator.sh auto
   83  mkdir ~/.fonts
   84  cp -f Ricty-*.ttf ~/.fonts
   85  ls -al
   86  fc-cache -vf
   87  sudo shutdown -h now
   88  sudo dpkg-reconfigure locales
   89  im-config
   90  history
   91  sudo aptitude install ddskk yatex kupfer evince xdvi-ja texlive-lang-japanese texlive xzdec;tlmgr init-usertree
   92  sudo reboot
   93  sudo aptitude search gsvieq
   94  sudo aptitude search gsview
   95  aptitude search gsview
   96  exit
   97  emacs .xmonad/xmonad.hs
   98  git clone https://github.com/brafales/xmonad-config
   99  sudo aptitude search chrominum
  100  sudo aptitude search chromium
  101  sudo aptitude install chromium
  102  git clone https://github.com/usr4423/linuxsetting.git
  103  cd linuxsetting/
  104  ls -al
  105  sudo aptitude search aspell
  106  sudo aptitude install aspell aspell-en
  107  cp .Xmodmap ~/.xmodmap
  108  ls -al
  109  cp .aspell* ~/
  110  cp .skk* ~/
  111  cd ..
  112  ls -al
  113  xmodmap .xmodmap
  114  cd /etc/
  115  ls -a
  116  w3m
  117  w3m http://www.google.com
  118  history
  119  df -h
  120  nautiles --no-desktop -n &
  121  cd Downloads/
  122  ls
  123  cd ..
  124  nano .inputrc
  125  cd Downloads/
  126  exit
  127  cd Downloads/
  128  ls
  129  unzip git.emacs.d.zip 
  130  aptitude install unzip
  131  sudo aptitude install unzip
  132  unzip git.emacs.d.zip 
  133  ls -al
  134  rm git.emacs.d.zip 
  135  cd git.emacs.d/
  136  ls
  137  cp -aR * ~/.emacs.d/
  138  cd ~/.emacs.d/
  139  ls -al
  140  wget https://github.com/usr4423/.emacs/raw/master/init.el
  141  ls -al
  142  rm init.el init.el.org
  143  cp init.el init.el.org
  144  ls -al
  145  mv init.el.1 init.el
  146  ls -al
  147  rm \#test*
  148  rm trr22*
  149  sudo rm -d trr22*
  150  sudo rm -df trr22*
  151  updatedb
  152  sudo updatedb
  153  sudo aptitude search 23m
  154  sudo aptitude search w3m
  155  sudo aptitude install w3m-el w3m-el-snapshot
  156  df -h
  157  cd ..
  158  ls -al
  159  git clone https://github.com/brafales/xmonad-conf
  160  git clone https://github.com/brafales/xmonad-conf.git
  161  cd Downloads/
  162  ls
  163  unzip xmonad-config-master.zip 
  164  ls -al
  165  rm xmonad-config-master.zip 
  166  cp -aR xmonad-config-master/ ~/
  167  cd ..
  168  cd xmonad-config
  169  ks
  170  ls
  171  cat README.md 
  172  cd ~/.xmonad/
  173  cp xmonad.hs xmonad.hs.org
  174  cd ~/.xmonad/
  175  ls ^al
  176  cd ~/xmonad-config
  177  ls -ak
  178  ls -al
  179  cp -a * ~/.xmonad/
  180  cd ~/.xmonad/
  181  ls -a
  182  sudo reboot
  183  emacs .xmonad/xmonad.hs
  184  nano .xinitrc 
  185  sudo reboot
  186  ls -al
  187  cd linuxsetting/
  188  ls -al
  189  cd ..
  190  mkdir txtest
  191  sudo aptitude search latexmk
  192  sudo aptitude install latexmk
  193  ptexconfig formats
  194  pltexconfig formats
  195  sudo ptexconfig formats
  196  sudo pltexconfig formats
  197  cd texmf/
  198  cd ..
  199  ls -a
  200  cd txtest/
  201  ls
  202  platex test.
  203  platex test
  204  dvipdfmx test.dvi 
  205  evince test.
  206  evince test.pdf
  207  cd ~/.emacs.d/
  208  ls -al
  209  cd ~/linuxsetting/
  210  ls ~/
  211  ls -al  ~/
  212  ls -al
  213  cp .aspell.* ~/
  214  ls -al  ~/
  215  ls -al
  216  cp .latexmkrc ~/
  217  ls -al  ~/
  218  sudo dpkg-reconfigure xdvik-ja
  219  sudo aptitude search sdvi
  220  sudo aptitude search xdv
  221  sudo aptitude install xdvik-ja
  222  sudo aptitude search ghost
  223  sudo aptitude search ghostscript-x
  224  sudo aptitude install ghostscript-x
  225  cd ~/txtest/
  226  ls
  227  latexmk -C
  228  ls -al
  229  sudo rebot
  230  sudo apaitutde search i3
  231  sudo aptitutde search i3
  232  sudo aptitude search i3
  233  sudo aptitude install i3
  234  ping www.google.com
  235  ping ftp.jp.debian.org
  236  sudo aptitude install i3
  237  nano .xinitrc 
  238  sudo reboot
  239  cd /etc/fonts/conf.d/
  240  sudo mv 65-droid-sans-fonts.conf 65-droid-sans-fonts.conf.bak
  241  sudo fc-cache -s -f -v /usr/share/fonts/truetype/droid/
  242  sudo mv 65-droid-sans-fonts.conf.bak 65-droid-sans-fonts.conf
  243  exec --no-startup-id nm-applet
  244  sudo aptitude search network manager
  245  sudo aptitude install network-manager
  246  networkmananger
  247  wifi-menu
  248  man wifi
  249  dmsg
  250  dmseg
  251  dmesg
  252  df -h
  253  sudo cd /dev/sdb
  254  su
  255  sudo aptitude install usbmount
  256  sudo /lib/udev/vol_id /dev/sdb1
  257  /lib/udev/vol_id /dev/sdb1
  258  ls -a; /dev/disk/by-uuid/ | grep sdb
  259  ls -al /dev/disk/by-uuid/ | grep sdb
  260  sudo mkdir /mnt/usbdisk1
  261  sudo mount /dev/disk/by-uuid/2F65-EA37 /mnt/usbdisk1 -t vfat -o umask=000
  262  df -h
  263  cd /mnt/usbdisk1/
  264  ls -al
  265  ls -al /dev/disk/by-uuid/ | grep sdb
  266  df -h
  267  cd ..
  268  cd ...
  269  cd ..
  270  df -h
  271  sudo umount /dev/sdb
  272  sudo umount /mnt/usbdisk1
  273  updatedb
  274  sudo updatedb
  275  cd ~
  276  ls
  277  ls -al
  278  cd .i3/
  279  ls
  280  git init
  281  ls -al
  282  rm .#config 
  283  ls -al
  284  rm .git/
  285  sudo rm -d .git/
  286  cd .git/
  287  ls -al
  288  sudo rm -d *
  289  sudo rm *
  290  ls -al
  291  sudo rm -d -f *
  292  sudo rm -d -R *
  293  cd ..
  294  sudo rm -d -R .git/
  295  ls -al
  296  cd ..
  297  git init
  298  ls -al
  299  history
  300  git add .
  301  git commit -m "first commit"
  302  git remote add origin https://github.com/usr4423/debianlaptop1.git
  303  git push -u origin master
  304  lsmod
  305  sudo shutdown -r now
  306  dmesg
  307  sudo aptitude search network-manager
  308  lsmod | firmware
  309  lsmod | grep firmwre
  310  lsmod
  311  lsmod | less
  312  sudo aptitude instlall wpasupplicant
  313  sudo aptitude install wpasupplicant
  314  sudo aptitude search wpa supplicant
  315  sudo nano /etc/network/interfaces
  316  iw
  317  ipconfin
  318  ipconfig
  319  ifconfig
  320  sudo aptitude search ipconfig
  321  iwconfig
  322  sudo aptitude search iwconfig
  323  ip
  324  ip link
  325  sudo cp /etc/network/interfaces /etc/network/interfaces.org
  326  ls
  327  sudo emacs -nw /etc/network/interfaces
  328  sudo reboot
  329  ping www.google.com
  330  ip link
  331  ifup wlan0
  332  sudo aptitude search '~i'
  333  history > bash_history.log
  334  git add .
  335  git commit -m "bashlog"
  336  git push -u origin master
  337  nano .gitignore
  338  git add .
  339  git commit -m "test"
  340  git push -u origin master
  341  ip link
  342  sudo reboot
  343  git push -u origin master
  344  sudo aptitude search mondo rescue
  345  sudo emacs -nw /etc/apt/sources.list
  346  sudo aptitude update
  347  sudo emacs -nw /etc/apt/sources.list
  348  sudo aptitude update
  349  ping -c 3 www.google.com
  350  sudo aptitude update
  351  sudo emacs -nw /etc/apt/sources.list
  352  wget ftp://ftp.mondorescue.org/debian/7/mondorescue.sources.list
  353  sudo mv mondorescue.sources.list /etc/apt/sources.list.d/
  354  aptitude udpate
  355  sudo aptitude update
  356  sudo aptitude search mondo
  357  sudo aptitude update
  358  cd /var/lib/apt/lists/
  359  ls -al
  360  cd ~
  361  mkdir apt
  362  cd /var/lib/apt/lists/
  363  sudo mv -R -d * ~/apt/
  364  sudo mv -d * ~/apt/
  365  sudo mv * ~/apt/
  366  ls -al
  367  cd ..
  368  cd aptitude/
  369  ls -al
  370  cd ~
  371  cd apt/
  372  cd ..
  373  mkdir aptitude
  374  cd /var/lib/apt/lists/
  375  cd ../
  376  cd ..
  377  cd aptitude/
  378  ls -al
  379  sudo aptitude update
  380  sudo aptitude search mondo
  381  nano /etc/apt/sources.list
  382  sudonano /etc/apt/sources.list
  383  sudo nano /etc/apt/sources.list
  384  sudo aptitude update
  385  sudo aptitude search mondo
  386  sudo apt-get update
  387  sudo apt-cache search mondo
  388  cd ~
  389  sudo reboot
  390  sudo shutdown -h now
  391  sudo emacs -nw /etc/apt/sources.list
  392  sudo aptitude update
  393  sudo aptitude search mondo
  394  sudo nano /etc/apt/sources.list
  395  sudo emacs /etc/apt/sources.list
  396  cd Downloads/
  397  ls -al
  398  sudo cp /etc/apt/sources.list /etc/apt/sources.list.org2
  399  sudo cp -f sources.list /etc/apt/
  400  sudo aptitude update
  401  sudo aptitude search
  402  sudo aptitude search mondo
  403  sudo aptitude install mondo
  404  sudo aptitude install mondo
  405  sudo reboot
  406  mondoarchive
  407  sudo aptitude search policy
  408  sudo aptitude search mindi mindi-busybox
  409  mondoarchive -Oi -9 -d "/root/" -E "/root/" -p backupdebianlaptop
  410  man mondoarchive
  411  sudo mondoarchive
  412  mondoarchive -Oi -9 -d "/root/" -E "/root/" -p backupdebianlaptop
  413  sudo mondoarchive -Oi -9 -d "/root/" -E "/root/" -p backupdebianlaptop
  414  less /var/log/mondoarchive.log 
  415  ls -la
  416  history > bash_history.log
