dpkg --get-selections
acl						install
acpi						install
acpi-support-base				install
acpid						install
adduser						install
afio						install
anacron						install
apel						install
apt						install
apt-listchanges					install
apt-utils					install
aptitude					install
aptitude-common					install
aptitude-doc-en					install
aspell						install
aspell-en					install
at						install
at-spi2-core					install
avahi-autoipd					install
base-files					install
base-passwd					install
bash						install
bash-completion					install
bc						install
bind9-host					install
binutils					install
bluetooth					install
bluez						install
bsd-mailx					install
bsdmainutils					install
bsdutils					install
buffer						install
build-essential					install
busybox						install
bzip2						install
ca-certificates					install
chromium					install
chromium-inspector				install
colord						install
colord-data					install
conky						install
conky-std					install
console-setup					install
console-setup-linux				install
consolekit					install
coreutils					install
cpio						install
cpp						install
cpp-4.9						install
crda						install
cron						install
curl						install
dash						install
db5.1-util					install
dbskkd-cdb					install
dbus						install
dbus-x11					install
dc						install
dconf-cli					install
dconf-gsettings-backend:i386			install
dconf-service					install
ddskk						install
debconf						install
debconf-i18n					install
debian-archive-keyring				install
debianutils					install
desktop-file-utils				install
dh-python					install
dialog						install
dictionaries-common				install
diffutils					install
discover					install
discover-data					install
dmidecode					install
dmsetup						install
dnsmasq-base					install
dnsutils					install
doc-debian					install
docbook-xml					install
docbook-xsl					install
docutils-common					install
docutils-doc					install
dosfstools					install
dpkg						install
dpkg-dev					install
dunst						install
dvd+rw-tools					install
dzen2						install
e2fslibs:i386					install
e2fsprogs					install
eject						install
emacs						install
emacs24						install
emacs24-bin-common				install
emacs24-common					install
emacsen-common					install
enchant						install
ethtool						install
evince						install
evince-common					install
exim4						install
exim4-base					install
exim4-config					install
exim4-daemon-light				install
fakeroot					install
file						install
findutils					install
firmware-atheros				install
flim						install
fontconfig					install
fontconfig-config				install
fontforge					install
fontforge-common				install
fonts-dejavu					install
fonts-dejavu-core				install
fonts-dejavu-extra				install
fonts-droid					install
fonts-freefont-ttf				install
fonts-inconsolata				install
fonts-ipaexfont-gothic				install
fonts-ipaexfont-mincho				install
fonts-ipafont-gothic				install
fonts-ipafont-mincho				install
fonts-lmodern					install
fonts-migmix					install
fonts-texgyre					install
ftp						install
fuse						install
g++						install
g++-4.9						install
gawk						install
gcc						install
gcc-4.7-base:i386				install
gcc-4.8-base:i386				install
gcc-4.9						install
gcc-4.9-base:i386				install
gconf-service					install
gconf2-common					install
gdisk						install
genisoimage					install
geoclue-2.0					install
geoip-database					install
gettext-base					install
ghc						install
ghc-doc						install
ghc-haddock					install
ghostscript					install
ghostscript-x					install
gir1.2-atk-1.0					install
gir1.2-freedesktop				install
gir1.2-gdkpixbuf-2.0				install
gir1.2-glib-2.0					install
gir1.2-gtk-3.0					install
gir1.2-ibus-1.0					install
gir1.2-pango-1.0				install
git						install
git-man						install
glib-networking:i386				install
glib-networking-common				install
glib-networking-services			install
gnome-icon-theme				install
gnome-icon-theme-symbolic			install
gnupg						install
gnupg-agent					install
gnupg2						install
gpgv						install
grep						install
groff-base					install
growisofs					install
grub-common					install
grub-pc						install
grub-pc-bin					install
grub2-common					install
gsettings-desktop-schemas			install
gsfonts						install
gstreamer1.0-plugins-base:i386			install
gstreamer1.0-plugins-good:i386			install
gstreamer1.0-x:i386				install
guile-2.0-libs					install
gvfs:i386					install
gvfs-common					install
gvfs-daemons					install
gvfs-libs:i386					install
gzip						install
hdparm						install
hicolor-icon-theme				install
host						install
hostname					install
hunspell-en-us					install
i3						install
i3-wm						install
i3lock						install
i3status					install
i965-va-driver:i386				install
iamerican					install
ibritish					install
ibus						install
ibus-gtk:i386					install
ibus-gtk3:i386					install
ibus-mozc					install
ienglish-common					install
ifupdown					install
im-config					install
imagemagick-common				install
info						install
init						install
init-system-helpers				install
initramfs-tools					install
initscripts					install
insserv						install
install-info					install
installation-report				install
iproute						install
iproute2					install
iptables					install
iputils-ping					install
isc-dhcp-client					install
isc-dhcp-common					install
iso-codes					install
ispell						install
iw						install
javascript-common				install
kate-data					install
katepart					install
kbd						install
kde-runtime					install
kde-runtime-data				install
kdelibs-bin					install
kdelibs5-data					install
kdelibs5-plugins				install
kdoctools					install
keyboard-configuration				install
klibc-utils					install
kmod						install
ko.tex-extra-hlfont				install
konsole						install
krb5-locales					install
kupfer						install
laptop-detect					install
latex-cjk-all					install
latex-cjk-chinese				install
latex-cjk-chinese-arphic-bkai00mp		install
latex-cjk-chinese-arphic-bsmi00lp		install
latex-cjk-chinese-arphic-gbsn00lp		install
latex-cjk-chinese-arphic-gkai00mp		install
latex-cjk-common				install
latex-cjk-japanese				install
latex-cjk-japanese-wadalab			install
latex-cjk-korean				install
latex-cjk-thai					install
latexmk						install
less						install
liba52-0.7.4					install
libaa1:i386					install
libaacs0:i386					install
libacl1:i386					install
libalgorithm-diff-perl				install
libalgorithm-diff-xs-perl			install
libalgorithm-merge-perl				install
libanyevent-i3-perl				install
libanyevent-perl				install
libapt-inst1.5:i386				install
libapt-pkg4.12:i386				install
libarchive13:i386				install
libasan1:i386					install
libasn1-8-heimdal:i386				install
libasound2:i386					install
libasound2-data					install
libaspell15					install
libasprintf0c2:i386				install
libass5:i386					install
libassuan0:i386					install
libasync-interrupt-perl				install
libasyncns0:i386				install
libatasmart4:i386				install
libatk-bridge2.0-0:i386				install
libatk1.0-0:i386				install
libatk1.0-data					install
libatomic1:i386					install
libatspi2.0-0:i386				install
libattica0.4:i386				install
libattr1:i386					install
libaudio2:i386					install
libaudit-common					install
libaudit1:i386					install
libauthen-sasl-perl				install
libavahi-client3:i386				install
libavahi-common-data:i386			install
libavahi-common3:i386				install
libavc1394-0:i386				install
libavcodec55:i386				install
libavcodec56:i386				install
libavformat55:i386				install
libavformat56:i386				install
libavresample2:i386				install
libavutil53:i386				install
libavutil54:i386				install
libbasicusageenvironment0			install
libbind9-90					install
libblas3					install
libblkid1:i386					install
libbluray1:i386					install
libboost-iostreams1.54.0:i386			install
libboost-iostreams1.55.0:i386			install
libbsd-dev:i386					install
libbsd0:i386					install
libbz2-1.0:i386					install
libc-bin					install
libc-dev-bin					install
libc6:i386					install
libc6-dev:i386					install
libc6-i686:i386					install
libcaca0:i386					install
libcairo-gobject2:i386				install
libcairo2:i386					install
libcanberra-gtk3-0:i386				install
libcanberra-gtk3-module:i386			install
libcanberra0:i386				install
libcap-ng0:i386					install
libcap2:i386					install
libcap2-bin					install
libcdb1:i386					install
libcddb2					install
libcdio13					install
libcdparanoia0:i386				install
libchromaprint0:i386				install
libcilkrts5:i386				install
libck-connector0:i386				install
libclass-accessor-perl				install
libclass-isa-perl				install
libcloog-isl4:i386				install
libclucene-core1:i386				install
libcolord2:i386					install
libcolorhug2:i386				install
libcomerr2:i386					install
libcommon-sense-perl				install
libconfuse-common				install
libconfuse0:i386				install
libcroco3:i386					install
libcryptsetup4:i386				install
libcrystalhd3:i386				install
libcups2:i386					install
libcupsfilters1:i386				install
libcupsimage2:i386				install
libcurl3:i386					install
libcurl3-gnutls:i386				install
libcwidget3:i386				install
libdaemon0:i386					install
libdatrie1:i386					install
libdb5.3:i386					install
libdbus-1-3:i386				install
libdbus-glib-1-2:i386				install
libdbusmenu-qt2:i386				install
libdc1394-22:i386				install
libdca0:i386					install
libdconf1:i386					install
libdebconfclient0:i386				install
libdevmapper1.02.1:i386				install
libdirac-decoder0:i386				install
libdirac-encoder0:i386				install
libdirectfb-1.2-9:i386				install
libdiscover2					install
libdjvulibre-text				install
libdjvulibre21:i386				install
libdlrestrictions1				install
libdns100					install
libdpkg-perl					install
libdrm-intel1:i386				install
libdrm-nouveau2:i386				install
libdrm-radeon1:i386				install
libdrm2:i386					install
libdv4:i386					install
libdvbpsi9:i386					install
libdvdnav4:i386					install
libdvdread4:i386				install
libebml4:i386					install
libedit2:i386					install
libegl1-mesa:i386				install
libegl1-mesa-drivers:i386			install
libelf1:i386					install
libenca0:i386					install
libenchant1c2a:i386				install
libencode-locale-perl				install
libepoxy0					install
liberror-perl					install
libestr0					install
libev-perl					install
libev4						install
libevdev2					install
libevdocument3-4				install
libevent-2.0-5:i386				install
libevview3-3					install
libexif12:i386					install
libexiv2-13:i386				install
libexpat1:i386					install
libexpat1-dev:i386				install
libfaad2:i386					install
libfakeroot:i386				install
libfam0						install
libffi-dev:i386					install
libffi6:i386					install
libfftw3-double3:i386				install
libfile-basedir-perl				install
libfile-copy-recursive-perl			install
libfile-desktopentry-perl			install
libfile-fcntllock-perl				install
libfile-listing-perl				install
libfile-mimeinfo-perl				install
libflac8:i386					install
libfont-afm-perl				install
libfontconfig1:i386				install
libfontconfig1-dev:i386				install
libfontenc1:i386				install
libfontforge1					install
libfreerdp1:i386				install
libfreetype6:i386				install
libfreetype6-dev				install
libfribidi0:i386				install
libfuse2:i386					install
libgail-3-0:i386				install
libgbm1:i386					install
libgc1c2:i386					install
libgcc-4.9-dev:i386				install
libgcc1:i386					install
libgconf-2-4:i386				install
libgcrypt11:i386				install
libgcrypt20:i386				install
libgd3:i386					install
libgdbm3:i386					install
libgdk-pixbuf2.0-0:i386				install
libgdk-pixbuf2.0-common				install
libgdraw4					install
libgeoip1:i386					install
libgfortran3:i386				install
libghc-data-default-class-dev			install
libghc-data-default-dev				install
libghc-data-default-doc				install
libghc-data-default-instances-base-dev		install
libghc-data-default-instances-containers-dev	install
libghc-data-default-instances-dlist-dev		install
libghc-data-default-instances-old-locale-dev	install
libghc-dlist-dev				install
libghc-extensible-exceptions-dev		install
libghc-mtl-dev					install
libghc-mtl-doc					install
libghc-random-dev				install
libghc-transformers-dev				install
libghc-transformers-doc				install
libghc-utf8-string-dev				install
libghc-x11-dev					install
libghc-x11-doc					install
libghc-x11-xft-dev				install
libghc-x11-xft-doc				install
libghc-xmonad-contrib-dev			install
libghc-xmonad-contrib-doc			install
libghc-xmonad-dev				install
libghc-xmonad-doc				install
libgif4:i386					install
libgirepository-1.0-1				install
libgl1-mesa-dri:i386				install
libgl1-mesa-glx:i386				install
libglapi-mesa:i386				install
libglib2.0-0:i386				install
libglib2.0-data					install
libglu1-mesa:i386				install
libgmp-dev:i386					install
libgmp10:i386					install
libgmpxx4ldbl:i386				install
libgnome-keyring-common				install
libgnome-keyring0:i386				install
libgnutls-deb0-28:i386				install
libgnutls-openssl27:i386			install
libgnutls26:i386				install
libgomp1:i386					install
libgpg-error0:i386				install
libgpgme++2					install
libgpgme11:i386					install
libgphoto2-6:i386				install
libgphoto2-l10n					install
libgphoto2-port10:i386				install
libgpm2:i386					install
libgraphite2-3:i386				install
libgroupsock1					install
libgs9						install
libgs9-common					install
libgsm1:i386					install
libgssapi-krb5-2:i386				install
libgssapi3-heimdal:i386				install
libgstreamer-plugins-base1.0-0:i386		install
libgstreamer1.0-0:i386				install
libgtk-3-0:i386					install
libgtk-3-bin					install
libgtk-3-common					install
libgtk2.0-0:i386				install
libgtk2.0-bin					install
libgtk2.0-common				install
libguard-perl					install
libgudev-1.0-0:i386				install
libgusb2:i386					install
libgxps2:i386					install
libharfbuzz-icu0:i386				install
libharfbuzz0b:i386				install
libhcrypto4-heimdal:i386			install
libheimbase1-heimdal:i386			install
libheimntlm0-heimdal:i386			install
libhogweed2:i386				install
libhtml-form-perl				install
libhtml-format-perl				install
libhtml-parser-perl				install
libhtml-tagset-perl				install
libhtml-tree-perl				install
libhttp-cookies-perl				install
libhttp-daemon-perl				install
libhttp-date-perl				install
libhttp-message-perl				install
libhttp-negotiate-perl				install
libhunspell-1.3-0:i386				install
libhx509-5-heimdal:i386				install
libibus-1.0-5:i386				install
libice-dev:i386					install
libice6:i386					install
libicu52:i386					install
libidn11:i386					install
libiec61883-0:i386				install
libieee1284-3:i386				install
libijs-0.35:i386				install
libilmbase6:i386				install
libimobiledevice4:i386				install
libintl-perl					install
libio-html-perl					install
libio-socket-ip-perl				install
libio-socket-ssl-perl				install
libio-string-perl				install
libiodbc2:i386					install
libisc95					install
libisccc90					install
libisccfg90					install
libisl10:i386					install
libiso9660-8					install
libitm1:i386					install
libiw30:i386					install
libjack-jackd2-0:i386				install
libjasper1:i386					install
libjavascriptcoregtk-3.0-0:i386			install
libjbig0:i386					install
libjbig2dec0					install
libjim0.75:i386					install
libjpeg8:i386					install
libjs-jquery					install
libjson-c2:i386					install
libjson-glib-1.0-0:i386				install
libjson-glib-1.0-common				install
libjson-xs-perl					install
libk5crypto3:i386				install
libkactivities-bin				install
libkactivities-models1				install
libkactivities6					install
libkate1					install
libkatepartinterfaces4				install
libkcmutils4					install
libkde3support4					install
libkdeclarative5				install
libkdecore5					install
libkdesu5					install
libkdeui5					install
libkdewebkit5					install
libkdnssd4					install
libkemoticons4					install
libkeybinder0					install
libkeyutils1:i386				install
libkfile4					install
libkhtml5					install
libkio5						install
libkjsapi4					install
libkjsembed4					install
libklibc					install
libkmediaplayer4				install
libkmod2:i386					install
libknewstuff3-4					install
libknotifyconfig4				install
libkntlm4					install
libkonq-common					install
libkonq5-templates				install
libkonq5abi1					install
libkparts4					install
libkpathsea6					install
libkpty4					install
libkrb5-26-heimdal:i386				install
libkrb5-3:i386					install
libkrb5support0:i386				install
libkrosscore4					install
libksba8:i386					install
libktexteditor4					install
libkxmlrpcclient4				install
liblapack3					install
liblcms2-2:i386					install
libldap-2.4-2:i386				install
libldb1:i386					install
liblircclient0					install
liblivemedia23					install
libllvm3.4:i386					install
liblocale-gettext-perl				install
liblockfile-bin					install
liblockfile1:i386				install
liblogging-stdlog0:i386				install
liblognorm1:i386				install
liblqr-1-0:i386					install
libltdl7:i386					install
liblua5.1-0:i386				install
liblua5.2-0:i386				install
liblwp-mediatypes-perl				install
liblwp-protocol-https-perl			install
liblwres90					install
liblzma5:i386					install
liblzo2-2:i386					install
libm17n-0					install
libmad0:i386					install
libmagic1:i386					install
libmagickcore-6.q16-2:i386			install
libmagickwand-6.q16-2:i386			install
libmailtools-perl				install
libmatroska6:i386				install
libmbim-glib0:i386				install
libmhash2:i386					install
libmm-glib0:i386				install
libmng1:i386					install
libmnl0:i386					install
libmodplug1					install
libmount1					install
libmp3lame0:i386				install
libmpc3:i386					install
libmpcdec6:i386					install
libmpdec2:i386					install
libmpeg2-4:i386					install
libmpfr4:i386					install
libmtdev1:i386					install
libmtp-common					install
libmtp-runtime					install
libmtp9:i386					install
libmysqlclient18:i386				install
libnautilus-extension1a				install
libncurses5:i386				install
libncursesw5:i386				install
libndp0:i386					install
libnepomuk4					install
libnepomukcore4					install
libnepomukquery4a				install
libnepomukutils4				install
libnet-dbus-perl				install
libnet-http-perl				install
libnet-smtp-ssl-perl				install
libnet-ssleay-perl				install
libnetfilter-acct1:i386				install
libnetfilter-conntrack3:i386			install
libnettle4:i386					install
libnewt0.52:i386				install
libnfnetlink0:i386				install
libnfsidmap2:i386				install
libnl-3-200:i386				install
libnl-genl-3-200:i386				install
libnl-route-3-200:i386				install
libnm-glib4:i386				install
libnm-util2:i386				install
libnotify4:i386					install
libnspr4:i386					install
libnss3:i386					install
libntdb1:i386					install
libntrack-qt4-1					install
libntrack0					install
libogg0:i386					install
libopenexr6:i386				install
libopenjpeg5:i386				install
libopenvg1-mesa:i386				install
libopus0:i386					install
liborc-0.4-0:i386				install
libotf0						install
libp11-kit0:i386				install
libpam-ck-connector:i386			install
libpam-modules:i386				install
libpam-modules-bin				install
libpam-runtime					install
libpam-systemd:i386				install
libpam0g:i386					install
libpango-1.0-0:i386				install
libpango1.0-0:i386				install
libpangocairo-1.0-0:i386			install
libpangoft2-1.0-0:i386				install
libpangox-1.0-0:i386				install
libpangoxft-1.0-0:i386				install
libpaper-utils					install
libpaper1:i386					install
libparse-debianchangelog-perl			install
libparted2:i386					install
libpcap0.8:i386					install
libpci3:i386					install
libpciaccess0:i386				install
libpcre3:i386					install
libpcsclite1:i386				install
libperl4-corelibs-perl				install
libphonon4:i386					install
libpipeline1:i386				install
libpixman-1-0:i386				install
libplasma3					install
libplist2:i386					install
libpng12-0:i386					install
libpng12-dev:i386				install
libpolkit-agent-1-0:i386			install
libpolkit-backend-1-0:i386			install
libpolkit-gobject-1-0:i386			install
libpolkit-qt-1-1				install
libpoppler-glib8:i386				install
libpoppler-qt4-4:i386				install
libpoppler46:i386				install
libpopt0:i386					install
libpostproc52					install
libpotrace0					install
libprocps3:i386					install
libprotobuf8:i386				install
libproxy-tools					install
libproxy1:i386					install
libptexenc1					install
libpth20:i386					install
libpthread-stubs0-dev:i386			install
libpulse-mainloop-glib0:i386			install
libpulse0:i386					install
libpython-stdlib:i386				install
libpython2.7:i386				install
libpython2.7-minimal:i386			install
libpython2.7-stdlib:i386			install
libpython3-stdlib:i386				install
libpython3.4-minimal:i386			install
libpython3.4-stdlib:i386			install
libqca2:i386					install
libqmi-glib1:i386				install
libqmi-proxy					install
libqt4-dbus:i386				install
libqt4-declarative:i386				install
libqt4-designer:i386				install
libqt4-network:i386				install
libqt4-opengl:i386				install
libqt4-qt3support:i386				install
libqt4-script:i386				install
libqt4-sql:i386					install
libqt4-sql-mysql:i386				install
libqt4-svg:i386					install
libqt4-xml:i386					install
libqt4-xmlpatterns:i386				install
libqtcore4:i386					install
libqtdbus4:i386					install
libqtgui4:i386					install
libqtwebkit4:i386				install
libquadmath0:i386				install
libraptor2-0:i386				install
librasqal3:i386					install
libraw1394-11:i386				install
librdf0:i386					install
libreadline6:i386				install
libresid-builder0c2a				install
librest-0.7-0:i386				install
libroken18-heimdal:i386				install
librsvg2-2:i386					install
librsvg2-common:i386				install
librtmp1:i386					install
libruby2.1:i386					install
libsamplerate0:i386				install
libsane:i386					install
libsane-common					install
libsane-extras:i386				install
libsane-extras-common				install
libsasl2-2:i386					install
libsasl2-modules:i386				install
libsasl2-modules-db:i386			install
libschroedinger-1.0-0:i386			install
libsdl-image1.2:i386				install
libsdl1.2debian:i386				install
libsecret-1-0:i386				install
libsecret-common				install
libselinux1:i386				install
libsemanage-common				install
libsemanage1:i386				install
libsepol1:i386					install
libshout3:i386					install
libsidplay2					install
libsigc++-2.0-0c2a:i386				install
libsigsegv2:i386				install
libslang2:i386					install
libsm-dev:i386					install
libsm6:i386					install
libsmbclient:i386				install
libsndfile1:i386				install
libsolid4					install
libsoprano4					install
libsoup-gnome2.4-1:i386				install
libsoup2.4-1:i386				install
libspectre1:i386				install
libspeechd2:i386				install
libspeex1:i386					install
libspeexdsp1:i386				install
libspiro0:i386					install
libsqlite3-0:i386				install
libss2:i386					install
libssh-gcrypt-4:i386				install
libssh2-1:i386					install
libssl1.0.0:i386				install
libstartup-notification0:i386			install
libstdc++-4.9-dev:i386				install
libstdc++6:i386					install
libstreamanalyzer0				install
libstreams0					install
libsub-name-perl				install
libswitch-perl					install
libswscale2:i386				install
libsynctex1					install
libsystemd-daemon0:i386				install
libsystemd-id128-0:i386				install
libsystemd-journal0:i386			install
libsystemd-login0:i386				install
libtag1-vanilla:i386				install
libtag1c2a:i386					install
libtalloc2:i386					install
libtar0						install
libtasn1-6:i386					install
libtcl8.6:i386					install
libtdb1:i386					install
libteamdctl0:i386				install
libtevent0:i386					install
libtext-charwidth-perl				install
libtext-iconv-perl				install
libtext-unidecode-perl				install
libtext-wrapi18n-perl				install
libthai-data					install
libthai0:i386					install
libtheora0:i386					install
libthreadweaver4				install
libtie-ixhash-perl				install
libtiff5:i386					install
libtimedate-perl				install
libtinfo5:i386					install
libtirpc1:i386					install
libtk8.6:i386					install
libtokyocabinet9:i386				install
libts-0.0-0:i386				install
libtwolame0					install
libtxc-dxtn-s2tc0:i386				install
libubsan0:i386					install
libudev1:i386					install
libudisks2-0:i386				install
libuninameslist0				install
libunistring0:i386				install
libupnp6					install
libupower-glib3:i386				install
liburi-perl					install
libusageenvironment1				install
libusb-0.1-4:i386				install
libusb-1.0-0:i386				install
libusbmuxd2:i386				install
libustr-1.0-1:i386				install
libutempter0					install
libuuid-perl					install
libuuid1:i386					install
libv4l-0:i386					install
libv4lconvert0:i386				install
libva-x11-1:i386				install
libva1:i386					install
libvcdinfo0					install
libvdpau1:i386					install
libvisual-0.4-0:i386				install
libvisual-0.4-plugins:i386			install
libvlc5						install
libvlccore7					install
libvorbis0a:i386				install
libvorbisenc2:i386				install
libvorbisfile3:i386				install
libvpx1:i386					install
libwavpack1:i386				install
libwayland-client0:i386				install
libwayland-cursor0:i386				install
libwayland-egl1-mesa:i386			install
libwayland-server0:i386				install
libwbclient0:i386				install
libwebkitgtk-3.0-0:i386				install
libwebkitgtk-3.0-common				install
libwebp5:i386					install
libwebpdemux1:i386				install
libwebpmux1:i386				install
libwind0-heimdal:i386				install
libwnck-common					install
libwnck22					install
libwrap0:i386					install
libwww-perl					install
libwww-robotrules-perl				install
libx11-6:i386					install
libx11-data					install
libx11-dev:i386					install
libx11-doc					install
libx11-protocol-perl				install
libx11-xcb1:i386				install
libx264-142:i386				install
libx86-1:i386					install
libxapian22					install
libxatracker2:i386				install
libxau-dev:i386					install
libxau6:i386					install
libxaw7:i386					install
libxcb-composite0:i386				install
libxcb-cursor0:i386				install
libxcb-dpms0:i386				install
libxcb-dri2-0:i386				install
libxcb-dri3-0:i386				install
libxcb-glx0:i386				install
libxcb-icccm4:i386				install
libxcb-image0:i386				install
libxcb-keysyms1:i386				install
libxcb-present0:i386				install
libxcb-randr0:i386				install
libxcb-render-util0:i386			install
libxcb-render0:i386				install
libxcb-shape0:i386				install
libxcb-shm0:i386				install
libxcb-sync1:i386				install
libxcb-util0:i386				install
libxcb-xfixes0:i386				install
libxcb-xinerama0:i386				install
libxcb-xkb1:i386				install
libxcb-xv0:i386					install
libxcb1:i386					install
libxcb1-dev:i386				install
libxcomposite1:i386				install
libxcursor1:i386				install
libxdamage1:i386				install
libxdg-basedir1					install
libxdmcp-dev:i386				install
libxdmcp6:i386					install
libxext-dev:i386				install
libxext6:i386					install
libxfixes3:i386					install
libxfont1:i386					install
libxft-dev					install
libxft2:i386					install
libxi6:i386					install
libxinerama-dev:i386				install
libxinerama1:i386				install
libxkbcommon-x11-0:i386				install
libxkbcommon0:i386				install
libxkbfile1:i386				install
libxml-libxml-perl				install
libxml-namespacesupport-perl			install
libxml-parser-perl				install
libxml-sax-base-perl				install
libxml-sax-expat-perl				install
libxml-sax-perl					install
libxml-twig-perl				install
libxml-xpathengine-perl				install
libxml2:i386					install
libxml2-utils					install
libxmu6:i386					install
libxmuu1:i386					install
libxpm4:i386					install
libxrandr-dev:i386				install
libxrandr2:i386					install
libxrender-dev:i386				install
libxrender1:i386				install
libxres1:i386					install
libxshmfence1:i386				install
libxslt1.1:i386					install
libxss1:i386					install
libxt-dev:i386					install
libxt6:i386					install
libxtables10					install
libxtst6:i386					install
libxv1:i386					install
libxvidcore4:i386				install
libxvmc1:i386					install
libxxf86dga1:i386				install
libxxf86vm1:i386				install
libyajl2:i386					install
libyaml-0-2:i386				install
libzinnia0					install
libzvbi-common					install
libzvbi0:i386					install
libzzip-0-13:i386				install
linux-base					install
linux-image-3.14-2-686-pae			install
linux-image-686-pae				install
linux-libc-dev:i386				install
lmodern						install
locales						install
lockfile-progs					install
login						install
logrotate					install
lsb-base					install
lsb-release					install
lsof						install
lzop						install
m17n-contrib					install
m17n-db						install
m4						install
make-guile					install
man-db						install
manpages					install
manpages-dev					install
mawk						install
mdadm						install
mime-support					install
mindi						install
mindi-busybox					install
mlocate						install
modemmanager					install
module-init-tools				install
mondo						install
mount						install
mozc-data					install
mozc-server					install
mozc-utils-gui					install
mtools						install
multiarch-support				install
mutt						install
mysql-common					install
nano						install
ncurses-base					install
ncurses-bin					install
ncurses-term					install
nepomuk-core-data				install
net-tools					install
netbase						install
netcat-traditional				install
network-manager					install
nfacct						install
nfs-common					install
notification-daemon				install
ntfs-3g						install
ntrack-module-libnl-0				install
openbsd-inetd					install
openssh-client					install
openssl						install
os-prober					install
oxygen-icon-theme				install
parted						install
passwd						install
patch						install
pciutils					install
perl						install
perl-base					install
perl-modules					install
phonon:i386					install
phonon-backend-vlc:i386				install
pinentry-gtk2					install
pkg-config					install
plasma-scriptengine-javascript			install
pm-utils					install
pmount						install
policykit-1					install
policykit-1-gnome				install
poppler-data					install
powermgmt-base					install
powertop					install
ppp						install
prerex						install
preview-latex-style				install
procmail					install
procps						install
prosper						install
ps2eps						install
psmisc						install
python						install
python-apt					install
python-apt-common				install
python-cairo					install
python-chardet					install
python-crypto					install
python-dbus					install
python-dbus-dev					install
python-debian					install
python-debianbts				install
python-defusedxml				install
python-docutils					install
python-gi					install
python-gobject					install
python-gobject-2				install
python-gtk2					install
python-keybinder				install
python-keyring					install
python-minimal					install
python-notify					install
python-numpy					install
python-pil					install
python-pkg-resources				install
python-pygments					install
python-reportbug				install
python-roman					install
python-secretstorage				install
python-six					install
python-soappy					install
python-support					install
python-talloc					install
python-wnck					install
python-wstools					install
python-xdg					install
python2.7					install
python2.7-minimal				install
python3						install
python3-gi					install
python3-minimal					install
python3.4					install
python3.4-minimal				install
qdbus						install
qtchooser					install
qtcore4-l10n					install
readline-common					install
reportbug					install
rpcbind						install
rsync						install
rsyslog						install
ruby						install
ruby2.1						install
rubygems-integration				install
samba-libs:i386					install
sane-utils					install
sed						install
sensible-utils					install
sgml-base					install
sgml-data					install
shared-mime-info				install
skkdic-cdb					install
slim						install
soprano-daemon					install
startpar					install
suckless-tools					install
sudo						install
swath						install
syslinux					install
syslinux-common					install
systemd						install
systemd-sysv					install
sysv-rc						install
sysvinit-utils					install
tar						install
task-english					install
task-laptop					install
tasksel						install
tasksel-data					install
tcl						install
tcl8.6						install
tcpd						install
tegaki-zinnia-japanese				install
telnet						install
tex-common					install
tex-gyre					install
texinfo						install
texlive						install
texlive-base					install
texlive-binaries				install
texlive-extra-utils				install
texlive-font-utils				install
texlive-fonts-recommended			install
texlive-fonts-recommended-doc			install
texlive-generic-recommended			install
texlive-lang-chinese				install
texlive-lang-cjk				install
texlive-lang-japanese				install
texlive-lang-korean				install
texlive-lang-other				install
texlive-latex-base				install
texlive-latex-base-doc				install
texlive-latex-extra				install
texlive-latex-extra-doc				install
texlive-latex-recommended			install
texlive-latex-recommended-doc			install
texlive-pictures				install
texlive-pictures-doc				install
texlive-pstricks				install
texlive-pstricks-doc				install
time						install
tinycdb						install
tipa						install
tk						install
tk8.6						install
traceroute					install
tsconf						install
tzdata						install
ucf						install
udev						install
udisks2						install
unzip						install
update-inetd					install
upower						install
usb-modeswitch					install
usb-modeswitch-data				install
usbmount					install
usbmuxd						install
usbutils					install
util-linux					install
util-linux-locales				install
va-driver-all:i386				install
vbetool						install
vdpau-va-driver:i386				install
vim-common					install
vim-tiny					install
vlc						install
vlc-data					install
vlc-nox						install
vlc-plugin-notify				install
vlc-plugin-pulse				install
vprerex						install
w3m						install
w3m-el						install
wamerican					install
wget						install
whiptail					install
whois						install
wireless-regdb					install
wireless-tools					install
wodim						install
wpasupplicant					install
x11-apps					install
x11-common					install
x11-session-utils				install
x11-utils					install
x11-xkb-utils					install
x11-xserver-utils				install
x11proto-core-dev				install
x11proto-input-dev				install
x11proto-kb-dev					install
x11proto-randr-dev				install
x11proto-render-dev				install
x11proto-xext-dev				install
x11proto-xinerama-dev				install
xauth						install
xbitmaps					install
xdg-utils					install
xdvik-ja					install
xfonts-100dpi					install
xfonts-75dpi					install
xfonts-base					install
xfonts-encodings				install
xfonts-scalable					install
xfonts-utils					install
xinit						install
xkb-data					install
xml-core					install
xmonad						install
xorg						install
xorg-docs-core					install
xorg-sgml-doctools				install
xserver-common					install
xserver-xorg					install
xserver-xorg-core				install
xserver-xorg-input-all				install
xserver-xorg-input-evdev			install
xserver-xorg-input-mouse			install
xserver-xorg-input-synaptics			install
xserver-xorg-input-vmmouse			install
xserver-xorg-input-wacom			install
xserver-xorg-video-all				install
xserver-xorg-video-ati				install
xserver-xorg-video-cirrus			install
xserver-xorg-video-fbdev			install
xserver-xorg-video-geode			install
xserver-xorg-video-intel			install
xserver-xorg-video-mach64			install
xserver-xorg-video-mga				install
xserver-xorg-video-modesetting			install
xserver-xorg-video-neomagic			install
xserver-xorg-video-nouveau			install
xserver-xorg-video-openchrome			install
xserver-xorg-video-qxl				install
xserver-xorg-video-r128				install
xserver-xorg-video-radeon			install
xserver-xorg-video-savage			install
xserver-xorg-video-siliconmotion		install
xserver-xorg-video-sisusb			install
xserver-xorg-video-tdfx				install
xserver-xorg-video-trident			install
xserver-xorg-video-vesa				install
xserver-xorg-video-vmware			install
xterm						install
xtrans-dev					install
xz-utils					install
xzdec						install
yatex						install
zenity						install
zenity-common					install
zlib1g:i386					install
zlib1g-dev:i386					install
kakidashi 'dpkg --set-selections'
